<?xml version="1.0" encoding="UTF-8"?>
<!-- Generated by org.testng.reporters.JUnitReportReporter -->
<testsuite hostname="jemsnroy" failures="0" tests="7" name="com.qa.API.tests.TC004_PUT_EmployeeRecord" time="0.007" errors="0" timestamp="22 Dec. 2022 19:33:52 GMT" skipped="0">
  <testcase classname="com.qa.API.tests.TC004_PUT_EmployeeRecord" name="vldContentType" time="0.001"/>
  <testcase classname="com.qa.API.tests.TC004_PUT_EmployeeRecord" name="vldResponseTime" time="0.001"/>
  <testcase classname="com.qa.API.tests.TC004_PUT_EmployeeRecord" name="vldStatusCode" time="0.001"/>
  <testcase classname="com.qa.API.tests.TC004_PUT_EmployeeRecord" name="vldServerType" time="0.001"/>
  <testcase classname="com.qa.API.tests.TC004_PUT_EmployeeRecord" name="vldCookies" time="0.001"/>
  <testcase classname="com.qa.API.tests.TC004_PUT_EmployeeRecord" name="vldResponseBody" time="0.001"/>
  <testcase classname="com.qa.API.tests.TC004_PUT_EmployeeRecord" name="vldStatusLine" time="0.001"/>
</testsuite> <!-- com.qa.API.tests.TC004_PUT_EmployeeRecord -->
