<?xml version="1.0" encoding="UTF-8"?>
<!-- Generated by org.testng.reporters.JUnitReportReporter -->
<testsuite hostname="jemsnroy" failures="0" tests="7" name="com.qa.API.tests.TC003_POST_Employee" time="0.003" errors="0" timestamp="22 Dec. 2022 20:23:18 GMT" skipped="0">
  <testcase classname="com.qa.API.tests.TC003_POST_Employee" name="vldStatusCode" time="0.000"/>
  <testcase classname="com.qa.API.tests.TC003_POST_Employee" name="vldServerType" time="0.000"/>
  <testcase classname="com.qa.API.tests.TC003_POST_Employee" name="vldStatusLine" time="0.001"/>
  <testcase classname="com.qa.API.tests.TC003_POST_Employee" name="vldCookies" time="0.000"/>
  <testcase classname="com.qa.API.tests.TC003_POST_Employee" name="vldResponseTime" time="0.001"/>
  <testcase classname="com.qa.API.tests.TC003_POST_Employee" name="vldResponseBody" time="0.001"/>
  <testcase classname="com.qa.API.tests.TC003_POST_Employee" name="vldContentType" time="0.000"/>
</testsuite> <!-- com.qa.API.tests.TC003_POST_Employee -->
