<?xml version="1.0" encoding="UTF-8"?>
<!-- Generated by org.testng.reporters.JUnitReportReporter -->
<testsuite hostname="jemsnroy" failures="0" tests="7" name="com.qa.API.tests.TC001_GET_All_Employees" time="0.017" errors="0" timestamp="22 Dec. 2022 20:23:18 GMT" skipped="0">
  <testcase classname="com.qa.API.tests.TC001_GET_All_Employees" name="vldResponseTime" time="0.001"/>
  <testcase classname="com.qa.API.tests.TC001_GET_All_Employees" name="vldStatusLine" time="0.000"/>
  <testcase classname="com.qa.API.tests.TC001_GET_All_Employees" name="vldServerType" time="0.001"/>
  <testcase classname="com.qa.API.tests.TC001_GET_All_Employees" name="vldContentType" time="0.002"/>
  <testcase classname="com.qa.API.tests.TC001_GET_All_Employees" name="vldCookies" time="0.000"/>
  <testcase classname="com.qa.API.tests.TC001_GET_All_Employees" name="vldResponseBody" time="0.012"/>
  <testcase classname="com.qa.API.tests.TC001_GET_All_Employees" name="vldStatusCode" time="0.001"/>
</testsuite> <!-- com.qa.API.tests.TC001_GET_All_Employees -->
